<?xml version="1.0" encoding="UTF-8"?>
<!-- Generated by org.testng.reporters.JUnitXMLReporter -->
<testsuite ignored="0" hostname="VarunAllawadhi" failures="0" tests="2" name="Random Test" time="1.459" errors="0" timestamp="2023-03-02T11:25:06 IST">
  <testcase classname="Demo.TestCases" name="@BeforeMethod setup" time="1.279">
    <failure type="org.openqa.selenium.WebDriverException" message="java.net.MalformedURLException: Error at index 0 in: &amp;quot;null&amp;quot;
Build info: version: &amp;apos;3.3.1&amp;apos;, revision: &amp;apos;5234b325d5&amp;apos;, time: &amp;apos;2017-03-10 09:10:29 +0000&amp;apos;
System info: host: &amp;apos;VARUNALLAWADHI&amp;apos;, ip: &amp;apos;192.168.1.8&amp;apos;, os.name: &amp;apos;Windows 11&amp;apos;, os.arch: &amp;apos;amd64&amp;apos;, os.version: &amp;apos;10.0&amp;apos;, java.version: &amp;apos;18.0.1&amp;apos;
Driver info: driver.version: HtmlUnitDriver">
      <![CDATA[org.openqa.selenium.WebDriverException: java.net.MalformedURLException: Error at index 0 in: "null"
Build info: version: '3.3.1', revision: '5234b325d5', time: '2017-03-10 09:10:29 +0000'
System info: host: 'VARUNALLAWADHI', ip: '192.168.1.8', os.name: 'Windows 11', os.arch: 'amd64', os.version: '10.0', java.version: '18.0.1'
Driver info: driver.version: HtmlUnitDriver
at org.openqa.selenium.htmlunit.HtmlUnitDriver.get(HtmlUnitDriver.java:512)
at Demo.TestCases.setup(TestCases.java:22)
at java.base/java.util.ArrayList.forEach(ArrayList.java:1511)
Caused by: java.net.MalformedURLException: Error at index 0 in: "null"
at java.base/java.net.URL.<init>(URL.java:708)
at java.base/java.net.URL.<init>(URL.java:569)
at java.base/java.net.URL.<init>(URL.java:516)
at org.openqa.selenium.htmlunit.HtmlUnitDriver.get(HtmlUnitDriver.java:510)
... 31 more
Caused by: java.lang.NumberFormatException: Error at index 0 in: "null"
at java.base/java.lang.NumberFormatException.forCharSequence(NumberFormatException.java:83)
at java.base/java.lang.Integer.parseInt(Integer.java:749)
at java.base/java.net.URLStreamHandler.parseURL(URLStreamHandler.java:231)
at java.base/java.net.URL.<init>(URL.java:703)
... 34 more
... Removed 29 stack frames]]>
    </failure>
  </testcase> <!-- @BeforeMethod setup -->
  <testcase classname="Demo.TestCases" name="@AfterMethod AfterTest" time="-1.677736506402E9">
    <skipped/>
  </testcase> <!-- @AfterMethod AfterTest -->
  <testcase classname="Demo.TestCases" name="@BeforeMethod setup" time="-1.677736506406E9">
    <skipped/>
  </testcase> <!-- @BeforeMethod setup -->
  <testcase classname="Demo.TestCases" name="@AfterMethod AfterTest" time="-1.677736506468E9">
    <skipped/>
  </testcase> <!-- @AfterMethod AfterTest -->
  <testcase classname="Demo.TestCases" name="VerifyHomePage" time="0.0">
    <skipped/>
  </testcase> <!-- VerifyHomePage -->
  <testcase classname="Demo.TestCases" name="VerifyTitle" time="0.0">
    <skipped/>
  </testcase> <!-- VerifyTitle -->
</testsuite> <!-- Random Test -->
